<?xml version="1.0" encoding="UTF-8"?>
<testsuite name="MainSaceneTest" tests="1" skipped="0" failures="0" errors="0" timestamp="2021-06-02T16:40:52" hostname="DESKTOP-5GU2UV0" time="0.023">
  <properties/>
  <testcase name="test()" classname="MainSaceneTest" time="0.023"/>
  <system-out><![CDATA[Hola
]]></system-out>
  <system-err><![CDATA[]]></system-err>
</testsuite>
